<?xml version="1.0" encoding="UTF-8"?>
<testng-results ignored="0" total="1" passed="1" failed="0" skipped="0">
  <reporter-output>
  </reporter-output>
  <suite started-at="2020-07-02T14:25:30 AEST" name="Default suite" finished-at="2020-07-02T14:25:35 AEST" duration-ms="4826">
    <groups>
    </groups>
    <test started-at="2020-07-02T14:25:30 AEST" name="Default test" finished-at="2020-07-02T14:25:35 AEST" duration-ms="4826">
      <class name="TestCase_DataDriven.TestCase_PostCall_DataProvider">
        <test-method signature="Test_PostCall(int, java.lang.String, java.lang.String, int)[pri:0, instance:TestCase_DataDriven.TestCase_PostCall_DataProvider@358ee631]" started-at="2020-07-02T14:25:31 AEST" name="Test_PostCall" data-provider="getData" finished-at="2020-07-02T14:25:34 AEST" duration-ms="3107" status="PASS">
          <params>
            <param index="0">
              <value>
                <![CDATA[10]]>
              </value>
            </param>
            <param index="1">
              <value>
                <![CDATA[Diya]]>
              </value>
            </param>
            <param index="2">
              <value>
                <![CDATA[AIA]]>
              </value>
            </param>
            <param index="3">
              <value>
                <![CDATA[1]]>
              </value>
            </param>
          </params>
          <reporter-output>
          </reporter-output>
        </test-method> <!-- Test_PostCall -->
      </class> <!-- TestCase_DataDriven.TestCase_PostCall_DataProvider -->
    </test> <!-- Default test -->
  </suite> <!-- Default suite -->
</testng-results>
